

Started GET "/" for ::1 at 2014-12-22 11:03:44 -0800
Processing by Rails::WelcomeController#index as HTML
  Rendered c:/RailsInstaller/Ruby2.0.0/lib/ruby/gems/2.0.0/gems/railties-4.2.0/lib/rails/templates/rails/welcome/index.html.erb (3.0ms)
Completed 200 OK in 35ms (Views: 17.0ms | ActiveRecord: 0.0ms)


Started GET "/" for ::1 at 2014-12-22 13:49:07 -0800
Processing by Rails::WelcomeController#index as HTML
  Rendered c:/RailsInstaller/Ruby2.0.0/lib/ruby/gems/2.0.0/gems/railties-4.2.0/lib/rails/templates/rails/welcome/index.html.erb (3.0ms)
Completed 200 OK in 35ms (Views: 19.0ms | ActiveRecord: 0.0ms)


Started GET "/pages/home" for ::1 at 2014-12-22 13:52:08 -0800
Processing by PagesController#home as HTML
  Rendered pages/home.html.erb within layouts/application (1.0ms)
Completed 200 OK in 4914ms (Views: 4913.3ms | ActiveRecord: 0.0ms)


Started GET "/assets/pages-069e88c06b889877799890854d7f4c40.css?body=1" for ::1 at 2014-12-22 13:52:13 -0800


Started GET "/assets/application-823e88bf1231c4323ee1d35731d8f1b6.css?body=1" for ::1 at 2014-12-22 13:52:13 -0800


Started GET "/assets/jquery-ea2706bc2d0586731b7c00ec2cd0a414.js?body=1" for ::1 at 2014-12-22 13:52:13 -0800


Started GET "/assets/application-44b27d7419a39025c2fbe8a55c70c91d.js?body=1" for ::1 at 2014-12-22 13:52:13 -0800


Started GET "/assets/jquery_ujs-99f13489684e179b71ca7517fb74318d.js?body=1" for ::1 at 2014-12-22 13:52:13 -0800


Started GET "/assets/turbolinks-560c7920417c7ce6e0616f58657cce3a.js?body=1" for ::1 at 2014-12-22 13:52:13 -0800


Started GET "/assets/pages-8f6eecd1178ef85964369ec66d33c4f1.js?body=1" for ::1 at 2014-12-22 13:52:13 -0800


Started GET "/pages/home" for ::1 at 2014-12-22 13:52:59 -0800
Processing by PagesController#home as HTML
  Rendered pages/home.html.erb within layouts/application (0.0ms)
Completed 200 OK in 72ms (Views: 71.6ms | ActiveRecord: 0.0ms)


Started GET "/assets/pages-8f6eecd1178ef85964369ec66d33c4f1.js?body=1" for ::1 at 2014-12-22 13:52:59 -0800


Started GET "/assets/jquery_ujs-99f13489684e179b71ca7517fb74318d.js?body=1" for ::1 at 2014-12-22 13:53:00 -0800


Started GET "/assets/application-823e88bf1231c4323ee1d35731d8f1b6.css?body=1" for ::1 at 2014-12-22 13:53:00 -0800


Started GET "/assets/jquery-ea2706bc2d0586731b7c00ec2cd0a414.js?body=1" for ::1 at 2014-12-22 13:53:00 -0800


Started GET "/assets/turbolinks-560c7920417c7ce6e0616f58657cce3a.js?body=1" for ::1 at 2014-12-22 13:53:00 -0800


Started GET "/assets/pages-069e88c06b889877799890854d7f4c40.css?body=1" for ::1 at 2014-12-22 13:53:00 -0800


Started GET "/assets/application-44b27d7419a39025c2fbe8a55c70c91d.js?body=1" for ::1 at 2014-12-22 13:53:00 -0800


Started GET "/pages/home" for ::1 at 2014-12-22 13:56:58 -0800
Processing by PagesController#home as HTML
  Rendered pages/home.html.erb within layouts/application (0.0ms)
Completed 200 OK in 102ms (Views: 101.6ms | ActiveRecord: 0.0ms)


Started GET "/assets/turbolinks-560c7920417c7ce6e0616f58657cce3a.js?body=1" for ::1 at 2014-12-22 13:56:58 -0800


Started GET "/assets/jquery-ea2706bc2d0586731b7c00ec2cd0a414.js?body=1" for ::1 at 2014-12-22 13:56:58 -0800


Started GET "/assets/pages-8f6eecd1178ef85964369ec66d33c4f1.js?body=1" for ::1 at 2014-12-22 13:56:58 -0800


Started GET "/assets/application-823e88bf1231c4323ee1d35731d8f1b6.css?body=1" for ::1 at 2014-12-22 13:56:58 -0800


Started GET "/assets/jquery_ujs-99f13489684e179b71ca7517fb74318d.js?body=1" for ::1 at 2014-12-22 13:56:58 -0800


Started GET "/assets/pages-069e88c06b889877799890854d7f4c40.css?body=1" for ::1 at 2014-12-22 13:56:58 -0800


Started GET "/assets/application-44b27d7419a39025c2fbe8a55c70c91d.js?body=1" for ::1 at 2014-12-22 13:56:58 -0800


Started GET "/pages/home" for ::1 at 2014-12-22 13:58:56 -0800
Processing by PagesController#home as HTML
  Rendered pages/home.html.erb within layouts/application (0.0ms)
Completed 200 OK in 96ms (Views: 95.0ms | ActiveRecord: 0.0ms)


Started GET "/assets/pages-8f6eecd1178ef85964369ec66d33c4f1.js?body=1" for ::1 at 2014-12-22 13:58:56 -0800


Started GET "/assets/turbolinks-560c7920417c7ce6e0616f58657cce3a.js?body=1" for ::1 at 2014-12-22 13:58:56 -0800


Started GET "/assets/jquery-ea2706bc2d0586731b7c00ec2cd0a414.js?body=1" for ::1 at 2014-12-22 13:58:56 -0800


Started GET "/assets/application-823e88bf1231c4323ee1d35731d8f1b6.css?body=1" for ::1 at 2014-12-22 13:58:56 -0800


Started GET "/assets/jquery_ujs-99f13489684e179b71ca7517fb74318d.js?body=1" for ::1 at 2014-12-22 13:58:56 -0800


Started GET "/assets/pages-069e88c06b889877799890854d7f4c40.css?body=1" for ::1 at 2014-12-22 13:58:56 -0800


Started GET "/assets/application-44b27d7419a39025c2fbe8a55c70c91d.js?body=1" for ::1 at 2014-12-22 13:58:56 -0800


Started GET "/pages/home" for ::1 at 2014-12-22 14:02:46 -0800

ActionController::RoutingError (No route matches [GET] "/pages/home"):
  web-console (2.0.0) lib/action_dispatch/debug_exceptions.rb:22:in `middleware_call'
  web-console (2.0.0) lib/action_dispatch/debug_exceptions.rb:13:in `call'
  actionpack (4.2.0) lib/action_dispatch/middleware/show_exceptions.rb:30:in `call'
  railties (4.2.0) lib/rails/rack/logger.rb:38:in `call_app'
  railties (4.2.0) lib/rails/rack/logger.rb:20:in `block in call'
  activesupport (4.2.0) lib/active_support/tagged_logging.rb:68:in `block in tagged'
  activesupport (4.2.0) lib/active_support/tagged_logging.rb:26:in `tagged'
  activesupport (4.2.0) lib/active_support/tagged_logging.rb:68:in `tagged'
  railties (4.2.0) lib/rails/rack/logger.rb:20:in `call'
  actionpack (4.2.0) lib/action_dispatch/middleware/request_id.rb:21:in `call'
  rack (1.6.0) lib/rack/methodoverride.rb:22:in `call'
  rack (1.6.0) lib/rack/runtime.rb:18:in `call'
  activesupport (4.2.0) lib/active_support/cache/strategy/local_cache_middleware.rb:28:in `call'
  rack (1.6.0) lib/rack/lock.rb:17:in `call'
  actionpack (4.2.0) lib/action_dispatch/middleware/static.rb:113:in `call'
  rack (1.6.0) lib/rack/sendfile.rb:113:in `call'
  railties (4.2.0) lib/rails/engine.rb:518:in `call'
  railties (4.2.0) lib/rails/application.rb:164:in `call'
  rack (1.6.0) lib/rack/lock.rb:17:in `call'
  rack (1.6.0) lib/rack/content_length.rb:15:in `call'
  rack (1.6.0) lib/rack/handler/webrick.rb:89:in `service'
  c:/RailsInstaller/Ruby2.0.0/lib/ruby/2.0.0/webrick/httpserver.rb:138:in `service'
  c:/RailsInstaller/Ruby2.0.0/lib/ruby/2.0.0/webrick/httpserver.rb:94:in `run'
  c:/RailsInstaller/Ruby2.0.0/lib/ruby/2.0.0/webrick/server.rb:295:in `block in start_thread'


  Rendered c:/RailsInstaller/Ruby2.0.0/lib/ruby/gems/2.0.0/gems/web-console-2.0.0/lib/action_dispatch/templates/rescues/_trace.html.erb (2.0ms)
  Rendered c:/RailsInstaller/Ruby2.0.0/lib/ruby/gems/2.0.0/gems/web-console-2.0.0/lib/action_dispatch/templates/routes/_route.html.erb (1.0ms)
  Rendered c:/RailsInstaller/Ruby2.0.0/lib/ruby/gems/2.0.0/gems/web-console-2.0.0/lib/action_dispatch/templates/routes/_table.html.erb (26.0ms)
  Rendered c:/RailsInstaller/Ruby2.0.0/lib/ruby/gems/2.0.0/gems/web-console-2.0.0/lib/action_dispatch/templates/rescues/_request_and_response.html.erb (2.0ms)
  Rendered c:/RailsInstaller/Ruby2.0.0/lib/ruby/gems/2.0.0/gems/web-console-2.0.0/lib/action_dispatch/templates/rescues/_web_console.html.erb (1.0ms)
  Rendered c:/RailsInstaller/Ruby2.0.0/lib/ruby/gems/2.0.0/gems/web-console-2.0.0/lib/action_dispatch/templates/rescues/routing_error.html.erb within rescues/layout (121.0ms)


Started GET "/" for ::1 at 2014-12-22 14:02:52 -0800
Processing by PagesController#home as HTML
  Rendered pages/home.html.erb within layouts/application (0.0ms)
Completed 200 OK in 98ms (Views: 98.0ms | ActiveRecord: 0.0ms)


Started GET "/assets/jquery-ea2706bc2d0586731b7c00ec2cd0a414.js?body=1" for ::1 at 2014-12-22 14:02:52 -0800


Started GET "/assets/turbolinks-560c7920417c7ce6e0616f58657cce3a.js?body=1" for ::1 at 2014-12-22 14:02:52 -0800


Started GET "/assets/application-44b27d7419a39025c2fbe8a55c70c91d.js?body=1" for ::1 at 2014-12-22 14:02:52 -0800


Started GET "/assets/application-823e88bf1231c4323ee1d35731d8f1b6.css?body=1" for ::1 at 2014-12-22 14:02:52 -0800


Started GET "/assets/jquery_ujs-99f13489684e179b71ca7517fb74318d.js?body=1" for ::1 at 2014-12-22 14:02:52 -0800


Started GET "/assets/pages-069e88c06b889877799890854d7f4c40.css?body=1" for ::1 at 2014-12-22 14:02:52 -0800


Started GET "/assets/pages-8f6eecd1178ef85964369ec66d33c4f1.js?body=1" for ::1 at 2014-12-22 14:02:52 -0800


Started GET "/about" for ::1 at 2014-12-22 14:15:21 -0800

ActionController::RoutingError (No route matches [GET] "/about"):
  web-console (2.0.0) lib/action_dispatch/debug_exceptions.rb:22:in `middleware_call'
  web-console (2.0.0) lib/action_dispatch/debug_exceptions.rb:13:in `call'
  actionpack (4.2.0) lib/action_dispatch/middleware/show_exceptions.rb:30:in `call'
  railties (4.2.0) lib/rails/rack/logger.rb:38:in `call_app'
  railties (4.2.0) lib/rails/rack/logger.rb:20:in `block in call'
  activesupport (4.2.0) lib/active_support/tagged_logging.rb:68:in `block in tagged'
  activesupport (4.2.0) lib/active_support/tagged_logging.rb:26:in `tagged'
  activesupport (4.2.0) lib/active_support/tagged_logging.rb:68:in `tagged'
  railties (4.2.0) lib/rails/rack/logger.rb:20:in `call'
  actionpack (4.2.0) lib/action_dispatch/middleware/request_id.rb:21:in `call'
  rack (1.6.0) lib/rack/methodoverride.rb:22:in `call'
  rack (1.6.0) lib/rack/runtime.rb:18:in `call'
  activesupport (4.2.0) lib/active_support/cache/strategy/local_cache_middleware.rb:28:in `call'
  rack (1.6.0) lib/rack/lock.rb:17:in `call'
  actionpack (4.2.0) lib/action_dispatch/middleware/static.rb:113:in `call'
  rack (1.6.0) lib/rack/sendfile.rb:113:in `call'
  railties (4.2.0) lib/rails/engine.rb:518:in `call'
  railties (4.2.0) lib/rails/application.rb:164:in `call'
  rack (1.6.0) lib/rack/lock.rb:17:in `call'
  rack (1.6.0) lib/rack/content_length.rb:15:in `call'
  rack (1.6.0) lib/rack/handler/webrick.rb:89:in `service'
  c:/RailsInstaller/Ruby2.0.0/lib/ruby/2.0.0/webrick/httpserver.rb:138:in `service'
  c:/RailsInstaller/Ruby2.0.0/lib/ruby/2.0.0/webrick/httpserver.rb:94:in `run'
  c:/RailsInstaller/Ruby2.0.0/lib/ruby/2.0.0/webrick/server.rb:295:in `block in start_thread'


  Rendered c:/RailsInstaller/Ruby2.0.0/lib/ruby/gems/2.0.0/gems/web-console-2.0.0/lib/action_dispatch/templates/rescues/_trace.html.erb (2.0ms)
  Rendered c:/RailsInstaller/Ruby2.0.0/lib/ruby/gems/2.0.0/gems/web-console-2.0.0/lib/action_dispatch/templates/routes/_route.html.erb (0.0ms)
  Rendered c:/RailsInstaller/Ruby2.0.0/lib/ruby/gems/2.0.0/gems/web-console-2.0.0/lib/action_dispatch/templates/routes/_table.html.erb (1.0ms)
  Rendered c:/RailsInstaller/Ruby2.0.0/lib/ruby/gems/2.0.0/gems/web-console-2.0.0/lib/action_dispatch/templates/rescues/_request_and_response.html.erb (1.0ms)
  Rendered c:/RailsInstaller/Ruby2.0.0/lib/ruby/gems/2.0.0/gems/web-console-2.0.0/lib/action_dispatch/templates/rescues/_web_console.html.erb (1.0ms)
  Rendered c:/RailsInstaller/Ruby2.0.0/lib/ruby/gems/2.0.0/gems/web-console-2.0.0/lib/action_dispatch/templates/rescues/routing_error.html.erb within rescues/layout (73.0ms)


Started GET "/about" for ::1 at 2014-12-22 14:17:04 -0800
Processing by PagesController#about as HTML
  Rendered pages/about.html.erb within layouts/application (0.0ms)
Completed 200 OK in 62ms (Views: 62.0ms | ActiveRecord: 0.0ms)


Started GET "/assets/jquery_ujs-99f13489684e179b71ca7517fb74318d.js?body=1" for ::1 at 2014-12-22 14:17:04 -0800


Started GET "/assets/application-823e88bf1231c4323ee1d35731d8f1b6.css?body=1" for ::1 at 2014-12-22 14:17:04 -0800


Started GET "/assets/turbolinks-560c7920417c7ce6e0616f58657cce3a.js?body=1" for ::1 at 2014-12-22 14:17:05 -0800


Started GET "/assets/pages-069e88c06b889877799890854d7f4c40.css?body=1" for ::1 at 2014-12-22 14:17:05 -0800


Started GET "/assets/application-44b27d7419a39025c2fbe8a55c70c91d.js?body=1" for ::1 at 2014-12-22 14:17:05 -0800


Started GET "/assets/jquery-ea2706bc2d0586731b7c00ec2cd0a414.js?body=1" for ::1 at 2014-12-22 14:17:05 -0800


Started GET "/assets/pages-8f6eecd1178ef85964369ec66d33c4f1.js?body=1" for ::1 at 2014-12-22 14:17:05 -0800


Started GET "/assets/pages-069e88c06b889877799890854d7f4c40.css?body=1" for ::1 at 2014-12-22 14:21:01 -0800


Started GET "/" for ::1 at 2014-12-22 14:28:45 -0800
Processing by PagesController#home as HTML
  Rendered pages/home.html.erb within layouts/application (0.0ms)
Completed 200 OK in 107ms (Views: 107.0ms | ActiveRecord: 0.0ms)


Started GET "/assets/application-823e88bf1231c4323ee1d35731d8f1b6.css?body=1" for ::1 at 2014-12-22 14:28:45 -0800


Started GET "/assets/turbolinks-560c7920417c7ce6e0616f58657cce3a.js?body=1" for ::1 at 2014-12-22 14:28:45 -0800


Started GET "/assets/pages-069e88c06b889877799890854d7f4c40.css?body=1" for ::1 at 2014-12-22 14:28:45 -0800


Started GET "/assets/jquery-ea2706bc2d0586731b7c00ec2cd0a414.js?body=1" for ::1 at 2014-12-22 14:28:45 -0800


Started GET "/assets/pages-8f6eecd1178ef85964369ec66d33c4f1.js?body=1" for ::1 at 2014-12-22 14:28:45 -0800


Started GET "/assets/jquery_ujs-99f13489684e179b71ca7517fb74318d.js?body=1" for ::1 at 2014-12-22 14:28:45 -0800


Started GET "/assets/application-44b27d7419a39025c2fbe8a55c70c91d.js?body=1" for ::1 at 2014-12-22 14:28:45 -0800


Started GET "/" for ::1 at 2014-12-22 14:29:01 -0800
Processing by PagesController#home as HTML
  Rendered pages/home.html.erb within layouts/application (0.0ms)
Completed 200 OK in 102ms (Views: 101.0ms | ActiveRecord: 0.0ms)


Started GET "/assets/pages-8f6eecd1178ef85964369ec66d33c4f1.js?body=1" for ::1 at 2014-12-22 14:29:02 -0800


Started GET "/assets/jquery_ujs-99f13489684e179b71ca7517fb74318d.js?body=1" for ::1 at 2014-12-22 14:29:02 -0800


Started GET "/assets/turbolinks-560c7920417c7ce6e0616f58657cce3a.js?body=1" for ::1 at 2014-12-22 14:29:02 -0800


Started GET "/assets/application-823e88bf1231c4323ee1d35731d8f1b6.css?body=1" for ::1 at 2014-12-22 14:29:02 -0800


Started GET "/assets/jquery-ea2706bc2d0586731b7c00ec2cd0a414.js?body=1" for ::1 at 2014-12-22 14:29:02 -0800


Started GET "/assets/pages-069e88c06b889877799890854d7f4c40.css?body=1" for ::1 at 2014-12-22 14:29:02 -0800


Started GET "/assets/application-44b27d7419a39025c2fbe8a55c70c91d.js?body=1" for ::1 at 2014-12-22 14:29:02 -0800


Started GET "/" for ::1 at 2014-12-22 14:35:53 -0800
Processing by PagesController#home as HTML
  Rendered pages/home.html.erb within layouts/application (0.0ms)
Completed 200 OK in 97ms (Views: 96.0ms | ActiveRecord: 0.0ms)


Started GET "/assets/turbolinks-560c7920417c7ce6e0616f58657cce3a.js?body=1" for ::1 at 2014-12-22 14:35:53 -0800


Started GET "/assets/application-823e88bf1231c4323ee1d35731d8f1b6.css?body=1" for ::1 at 2014-12-22 14:35:53 -0800


Started GET "/assets/pages-8f6eecd1178ef85964369ec66d33c4f1.js?body=1" for ::1 at 2014-12-22 14:35:53 -0800


Started GET "/assets/jquery-ea2706bc2d0586731b7c00ec2cd0a414.js?body=1" for ::1 at 2014-12-22 14:35:53 -0800


Started GET "/assets/pages-069e88c06b889877799890854d7f4c40.css?body=1" for ::1 at 2014-12-22 14:35:53 -0800


Started GET "/assets/jquery_ujs-99f13489684e179b71ca7517fb74318d.js?body=1" for ::1 at 2014-12-22 14:35:53 -0800


Started GET "/assets/application-44b27d7419a39025c2fbe8a55c70c91d.js?body=1" for ::1 at 2014-12-22 14:35:53 -0800


Started GET "/about" for ::1 at 2014-12-22 14:35:54 -0800
Processing by PagesController#about as HTML
  Rendered pages/about.html.erb within layouts/application (1.0ms)
Completed 200 OK in 55ms (Views: 54.0ms | ActiveRecord: 0.0ms)


Started GET "/about" for ::1 at 2014-12-22 14:40:59 -0800
Processing by PagesController#about as HTML
  Rendered pages/about.html.erb within layouts/application (1.0ms)
Completed 200 OK in 105ms (Views: 104.0ms | ActiveRecord: 0.0ms)


Started GET "/assets/turbolinks-560c7920417c7ce6e0616f58657cce3a.js?body=1" for ::1 at 2014-12-22 14:40:59 -0800


Started GET "/assets/jquery_ujs-99f13489684e179b71ca7517fb74318d.js?body=1" for ::1 at 2014-12-22 14:40:59 -0800


Started GET "/assets/jquery-ea2706bc2d0586731b7c00ec2cd0a414.js?body=1" for ::1 at 2014-12-22 14:40:59 -0800


Started GET "/assets/application-823e88bf1231c4323ee1d35731d8f1b6.css?body=1" for ::1 at 2014-12-22 14:40:59 -0800


Started GET "/assets/pages-069e88c06b889877799890854d7f4c40.css?body=1" for ::1 at 2014-12-22 14:40:59 -0800


Started GET "/assets/pages-8f6eecd1178ef85964369ec66d33c4f1.js?body=1" for ::1 at 2014-12-22 14:40:59 -0800


Started GET "/assets/application-44b27d7419a39025c2fbe8a55c70c91d.js?body=1" for ::1 at 2014-12-22 14:40:59 -0800


Started GET "/" for ::1 at 2014-12-22 14:41:00 -0800
Processing by PagesController#home as HTML
  Rendered pages/home.html.erb within layouts/application (1.0ms)
Completed 200 OK in 102ms (Views: 101.0ms | ActiveRecord: 0.0ms)


Started GET "/about" for ::1 at 2014-12-22 14:41:01 -0800
Processing by PagesController#about as HTML
  Rendered pages/about.html.erb within layouts/application (0.0ms)
Completed 200 OK in 112ms (Views: 112.0ms | ActiveRecord: 0.0ms)


Started GET "/about" for ::1 at 2014-12-22 14:42:00 -0800
Processing by PagesController#about as HTML
  Rendered pages/about.html.erb within layouts/application (15.6ms)
Completed 200 OK in 105ms (Views: 104.6ms | ActiveRecord: 0.0ms)


Started GET "/assets/pages-069e88c06b889877799890854d7f4c40.css?body=1" for ::1 at 2014-12-22 14:42:01 -0800


Started GET "/assets/jquery-ea2706bc2d0586731b7c00ec2cd0a414.js?body=1" for ::1 at 2014-12-22 14:42:01 -0800


Started GET "/assets/turbolinks-560c7920417c7ce6e0616f58657cce3a.js?body=1" for ::1 at 2014-12-22 14:42:01 -0800


Started GET "/assets/application-823e88bf1231c4323ee1d35731d8f1b6.css?body=1" for ::1 at 2014-12-22 14:42:01 -0800


Started GET "/assets/jquery_ujs-99f13489684e179b71ca7517fb74318d.js?body=1" for ::1 at 2014-12-22 14:42:01 -0800


Started GET "/assets/pages-8f6eecd1178ef85964369ec66d33c4f1.js?body=1" for ::1 at 2014-12-22 14:42:01 -0800


Started GET "/assets/application-44b27d7419a39025c2fbe8a55c70c91d.js?body=1" for ::1 at 2014-12-22 14:42:01 -0800


Started GET "/about" for ::1 at 2014-12-22 14:42:02 -0800
Processing by PagesController#about as HTML
  Rendered pages/about.html.erb within layouts/application (0.0ms)
Completed 200 OK in 90ms (Views: 90.4ms | ActiveRecord: 0.0ms)


Started GET "/" for ::1 at 2014-12-22 14:42:02 -0800
Processing by PagesController#home as HTML
  Rendered pages/home.html.erb within layouts/application (0.0ms)
Completed 200 OK in 96ms (Views: 95.6ms | ActiveRecord: 0.0ms)


Started GET "/" for ::1 at 2014-12-22 14:42:09 -0800
Processing by PagesController#home as HTML
  Rendered pages/home.html.erb within layouts/application (0.0ms)
Completed 200 OK in 62ms (Views: 62.0ms | ActiveRecord: 0.0ms)


Started GET "/about" for ::1 at 2014-12-22 14:42:10 -0800
Processing by PagesController#about as HTML
  Rendered pages/about.html.erb within layouts/application (0.0ms)
Completed 200 OK in 102ms (Views: 100.6ms | ActiveRecord: 0.0ms)


Started GET "/" for ::1 at 2014-12-22 14:42:11 -0800
Processing by PagesController#home as HTML
  Rendered pages/home.html.erb within layouts/application (0.0ms)
Completed 200 OK in 99ms (Views: 97.6ms | ActiveRecord: 0.0ms)


Started GET "/about" for ::1 at 2014-12-22 14:42:14 -0800
Processing by PagesController#about as HTML
  Rendered pages/about.html.erb within layouts/application (0.0ms)
Completed 200 OK in 103ms (Views: 102.6ms | ActiveRecord: 0.0ms)


Started GET "/" for ::1 at 2014-12-22 14:42:15 -0800
Processing by PagesController#home as HTML
  Rendered pages/home.html.erb within layouts/application (1.0ms)
Completed 200 OK in 63ms (Views: 62.0ms | ActiveRecord: 0.0ms)


Started GET "/" for ::1 at 2014-12-22 14:42:39 -0800
Processing by PagesController#home as HTML
  Rendered pages/home.html.erb within layouts/application (0.0ms)
Completed 200 OK in 85ms (Views: 85.0ms | ActiveRecord: 0.0ms)


Started GET "/about" for ::1 at 2014-12-22 14:42:40 -0800
Processing by PagesController#about as HTML
  Rendered pages/about.html.erb within layouts/application (0.0ms)
Completed 200 OK in 98ms (Views: 97.0ms | ActiveRecord: 0.0ms)


Started GET "/" for ::1 at 2014-12-22 14:42:41 -0800
Processing by PagesController#home as HTML
  Rendered pages/home.html.erb within layouts/application (0.0ms)
Completed 200 OK in 63ms (Views: 61.8ms | ActiveRecord: 0.0ms)
